{"/home/ricardo/Arnia/node/Projeto_Modulo3/Project-Backend-1-Arnia-main/src/books/controllers/book.controller.ts": {"path":"/home/ricardo/Arnia/node/Projeto_Modulo3/Project-Backend-1-Arnia-main/src/books/controllers/book.controller.ts","statementMap":{"0":{"start":{"line":9,"column":21},"end":{"line":9,"column":30}},"1":{"start":{"line":11,"column":4},"end":{"line":14,"column":5}},"2":{"start":{"line":12,"column":27},"end":{"line":12,"column":79}},"3":{"start":{"line":13,"column":6},"end":{"line":13,"column":57}},"4":{"start":{"line":16,"column":17},"end":{"line":16,"column":48}},"5":{"start":{"line":19,"column":4},"end":{"line":21,"column":5}},"6":{"start":{"line":20,"column":6},"end":{"line":20,"column":70}},"7":{"start":{"line":23,"column":6},"end":{"line":23,"column":51}},"8":{"start":{"line":30,"column":19},"end":{"line":30,"column":29}},"9":{"start":{"line":31,"column":19},"end":{"line":31,"column":53}},"10":{"start":{"line":33,"column":4},"end":{"line":35,"column":5}},"11":{"start":{"line":34,"column":6},"end":{"line":34,"column":61}},"12":{"start":{"line":37,"column":4},"end":{"line":39,"column":5}},"13":{"start":{"line":38,"column":6},"end":{"line":38,"column":71}},"14":{"start":{"line":41,"column":4},"end":{"line":41,"column":50}},"15":{"start":{"line":46,"column":20},"end":{"line":46,"column":30}},"16":{"start":{"line":47,"column":21},"end":{"line":47,"column":24}},"17":{"start":{"line":50,"column":19},"end":{"line":50,"column":60}},"18":{"start":{"line":52,"column":4},"end":{"line":54,"column":5}},"19":{"start":{"line":53,"column":6},"end":{"line":53,"column":71}},"20":{"start":{"line":56,"column":4},"end":{"line":58,"column":5}},"21":{"start":{"line":57,"column":6},"end":{"line":57,"column":61}},"22":{"start":{"line":60,"column":4},"end":{"line":60,"column":50}},"23":{"start":{"line":65,"column":20},"end":{"line":65,"column":30}},"24":{"start":{"line":66,"column":21},"end":{"line":66,"column":24}},"25":{"start":{"line":68,"column":19},"end":{"line":68,"column":63}},"26":{"start":{"line":70,"column":4},"end":{"line":72,"column":5}},"27":{"start":{"line":71,"column":6},"end":{"line":71,"column":71}},"28":{"start":{"line":74,"column":4},"end":{"line":76,"column":5}},"29":{"start":{"line":75,"column":6},"end":{"line":75,"column":61}},"30":{"start":{"line":78,"column":4},"end":{"line":78,"column":50}},"31":{"start":{"line":84,"column":21},"end":{"line":84,"column":24}},"32":{"start":{"line":85,"column":19},"end":{"line":85,"column":73}},"33":{"start":{"line":87,"column":4},"end":{"line":89,"column":5}},"34":{"start":{"line":88,"column":6},"end":{"line":88,"column":71}},"35":{"start":{"line":91,"column":4},"end":{"line":91,"column":54}}},"fnMap":{"0":{"name":"(anonymous_0)","decl":{"start":{"line":6,"column":2},"end":{"line":6,"column":3}},"loc":{"start":{"line":6,"column":57},"end":{"line":6,"column":59}},"line":6},"1":{"name":"(anonymous_1)","decl":{"start":{"line":8,"column":2},"end":{"line":8,"column":3}},"loc":{"start":{"line":8,"column":44},"end":{"line":25,"column":3}},"line":8},"2":{"name":"(anonymous_2)","decl":{"start":{"line":27,"column":2},"end":{"line":27,"column":3}},"loc":{"start":{"line":27,"column":45},"end":{"line":43,"column":3}},"line":27},"3":{"name":"(anonymous_3)","decl":{"start":{"line":45,"column":2},"end":{"line":45,"column":3}},"loc":{"start":{"line":45,"column":47},"end":{"line":62,"column":3}},"line":45},"4":{"name":"(anonymous_4)","decl":{"start":{"line":64,"column":2},"end":{"line":64,"column":3}},"loc":{"start":{"line":64,"column":50},"end":{"line":80,"column":3}},"line":64},"5":{"name":"(anonymous_5)","decl":{"start":{"line":82,"column":2},"end":{"line":82,"column":3}},"loc":{"start":{"line":82,"column":44},"end":{"line":92,"column":3}},"line":82}},"branchMap":{"0":{"loc":{"start":{"line":11,"column":4},"end":{"line":14,"column":5}},"type":"if","locations":[{"start":{"line":11,"column":4},"end":{"line":14,"column":5}},{"start":{},"end":{}}],"line":11},"1":{"loc":{"start":{"line":19,"column":4},"end":{"line":21,"column":5}},"type":"if","locations":[{"start":{"line":19,"column":4},"end":{"line":21,"column":5}},{"start":{},"end":{}}],"line":19},"2":{"loc":{"start":{"line":33,"column":4},"end":{"line":35,"column":5}},"type":"if","locations":[{"start":{"line":33,"column":4},"end":{"line":35,"column":5}},{"start":{},"end":{}}],"line":33},"3":{"loc":{"start":{"line":37,"column":4},"end":{"line":39,"column":5}},"type":"if","locations":[{"start":{"line":37,"column":4},"end":{"line":39,"column":5}},{"start":{},"end":{}}],"line":37},"4":{"loc":{"start":{"line":52,"column":4},"end":{"line":54,"column":5}},"type":"if","locations":[{"start":{"line":52,"column":4},"end":{"line":54,"column":5}},{"start":{},"end":{}}],"line":52},"5":{"loc":{"start":{"line":56,"column":4},"end":{"line":58,"column":5}},"type":"if","locations":[{"start":{"line":56,"column":4},"end":{"line":58,"column":5}},{"start":{},"end":{}}],"line":56},"6":{"loc":{"start":{"line":70,"column":4},"end":{"line":72,"column":5}},"type":"if","locations":[{"start":{"line":70,"column":4},"end":{"line":72,"column":5}},{"start":{},"end":{}}],"line":70},"7":{"loc":{"start":{"line":74,"column":4},"end":{"line":76,"column":5}},"type":"if","locations":[{"start":{"line":74,"column":4},"end":{"line":76,"column":5}},{"start":{},"end":{}}],"line":74},"8":{"loc":{"start":{"line":87,"column":4},"end":{"line":89,"column":5}},"type":"if","locations":[{"start":{"line":87,"column":4},"end":{"line":89,"column":5}},{"start":{},"end":{}}],"line":87}},"s":{"0":7,"1":7,"2":0,"3":0,"4":7,"5":7,"6":1,"7":6,"8":6,"9":6,"10":6,"11":2,"12":4,"13":1,"14":3,"15":5,"16":5,"17":5,"18":5,"19":1,"20":4,"21":1,"22":3,"23":1,"24":1,"25":1,"26":1,"27":0,"28":1,"29":0,"30":1,"31":3,"32":3,"33":3,"34":1,"35":2},"f":{"0":5,"1":7,"2":6,"3":5,"4":1,"5":3},"b":{"0":[0,7],"1":[1,6],"2":[2,4],"3":[1,3],"4":[1,4],"5":[1,3],"6":[0,1],"7":[0,1],"8":[1,2]},"_coverageSchema":"1a1c01bbd47fc00a2c39e90264f33305004495a9","hash":"52279605581aaf0eec22a62f35e52dc64dedd343"}
,"/home/ricardo/Arnia/node/Projeto_Modulo3/Project-Backend-1-Arnia-main/src/books/factories/book.factory.ts": {"path":"/home/ricardo/Arnia/node/Projeto_Modulo3/Project-Backend-1-Arnia-main/src/books/factories/book.factory.ts","statementMap":{"0":{"start":{"line":7,"column":25},"end":{"line":7,"column":54}},"1":{"start":{"line":8,"column":22},"end":{"line":8,"column":53}},"2":{"start":{"line":9,"column":25},"end":{"line":9,"column":56}},"3":{"start":{"line":11,"column":2},"end":{"line":11,"column":38}},"4":{"start":{"line":14,"column":20},"end":{"line":14,"column":33}},"5":{"start":{"line":15,"column":20},"end":{"line":15,"column":46}},"6":{"start":{"line":16,"column":27},"end":{"line":16,"column":50}}},"fnMap":{"0":{"name":"bookFactory","decl":{"start":{"line":6,"column":16},"end":{"line":6,"column":27}},"loc":{"start":{"line":6,"column":30},"end":{"line":12,"column":1}},"line":6}},"branchMap":{},"s":{"0":4,"1":4,"2":4,"3":4,"4":3,"5":3,"6":3},"f":{"0":4},"b":{},"_coverageSchema":"1a1c01bbd47fc00a2c39e90264f33305004495a9","hash":"8d84c3058fcf91864efaeaac59fb0de60b092a18"}
,"/home/ricardo/Arnia/node/Projeto_Modulo3/Project-Backend-1-Arnia-main/src/books/models/book.model.ts": {"path":"/home/ricardo/Arnia/node/Projeto_Modulo3/Project-Backend-1-Arnia-main/src/books/models/book.model.ts","statementMap":{"0":{"start":{"line":3,"column":20},"end":{"line":33,"column":2}},"1":{"start":{"line":37,"column":38},"end":{"line":37,"column":62}}},"fnMap":{},"branchMap":{},"s":{"0":5,"1":5},"f":{},"b":{},"_coverageSchema":"1a1c01bbd47fc00a2c39e90264f33305004495a9","hash":"1798a76b81ec24978f725123a4f3e51e1723f8e6"}
,"/home/ricardo/Arnia/node/Projeto_Modulo3/Project-Backend-1-Arnia-main/src/books/repositories/book.repository.ts": {"path":"/home/ricardo/Arnia/node/Projeto_Modulo3/Project-Backend-1-Arnia-main/src/books/repositories/book.repository.ts","statementMap":{"0":{"start":{"line":10,"column":18},"end":{"line":10,"column":45}},"1":{"start":{"line":11,"column":4},"end":{"line":11,"column":17}},"2":{"start":{"line":15,"column":18},"end":{"line":15,"column":72}},"3":{"start":{"line":17,"column":4},"end":{"line":19,"column":5}},"4":{"start":{"line":18,"column":6},"end":{"line":18,"column":24}},"5":{"start":{"line":20,"column":4},"end":{"line":20,"column":17}},"6":{"start":{"line":24,"column":23},"end":{"line":24,"column":65}},"7":{"start":{"line":25,"column":4},"end":{"line":27,"column":5}},"8":{"start":{"line":26,"column":6},"end":{"line":26,"column":16}},"9":{"start":{"line":28,"column":4},"end":{"line":28,"column":22}},"10":{"start":{"line":32,"column":34},"end":{"line":32,"column":38}},"11":{"start":{"line":33,"column":23},"end":{"line":35,"column":6}},"12":{"start":{"line":36,"column":4},"end":{"line":38,"column":5}},"13":{"start":{"line":37,"column":6},"end":{"line":37,"column":24}},"14":{"start":{"line":39,"column":4},"end":{"line":39,"column":22}},"15":{"start":{"line":44,"column":23},"end":{"line":44,"column":27}},"16":{"start":{"line":45,"column":29},"end":{"line":47,"column":6}},"17":{"start":{"line":49,"column":4},"end":{"line":51,"column":5}},"18":{"start":{"line":50,"column":6},"end":{"line":50,"column":24}},"19":{"start":{"line":52,"column":4},"end":{"line":52,"column":28}},"20":{"start":{"line":57,"column":23},"end":{"line":59,"column":6}},"21":{"start":{"line":61,"column":4},"end":{"line":63,"column":5}},"22":{"start":{"line":62,"column":6},"end":{"line":62,"column":24}},"23":{"start":{"line":64,"column":4},"end":{"line":64,"column":22}},"24":{"start":{"line":70,"column":21},"end":{"line":70,"column":48}},"25":{"start":{"line":71,"column":4},"end":{"line":71,"column":15}},"26":{"start":{"line":75,"column":22},"end":{"line":75,"column":51}}},"fnMap":{"0":{"name":"(anonymous_0)","decl":{"start":{"line":7,"column":2},"end":{"line":7,"column":3}},"loc":{"start":{"line":7,"column":55},"end":{"line":7,"column":57}},"line":7},"1":{"name":"(anonymous_1)","decl":{"start":{"line":9,"column":2},"end":{"line":9,"column":3}},"loc":{"start":{"line":9,"column":34},"end":{"line":12,"column":3}},"line":9},"2":{"name":"(anonymous_2)","decl":{"start":{"line":14,"column":2},"end":{"line":14,"column":3}},"loc":{"start":{"line":14,"column":43},"end":{"line":21,"column":3}},"line":14},"3":{"name":"(anonymous_3)","decl":{"start":{"line":23,"column":2},"end":{"line":23,"column":3}},"loc":{"start":{"line":23,"column":51},"end":{"line":29,"column":3}},"line":23},"4":{"name":"(anonymous_4)","decl":{"start":{"line":31,"column":2},"end":{"line":31,"column":3}},"loc":{"start":{"line":31,"column":56},"end":{"line":40,"column":3}},"line":31},"5":{"name":"(anonymous_5)","decl":{"start":{"line":43,"column":2},"end":{"line":43,"column":3}},"loc":{"start":{"line":43,"column":60},"end":{"line":53,"column":3}},"line":43},"6":{"name":"(anonymous_6)","decl":{"start":{"line":55,"column":2},"end":{"line":55,"column":3}},"loc":{"start":{"line":55,"column":70},"end":{"line":65,"column":3}},"line":55},"7":{"name":"(anonymous_7)","decl":{"start":{"line":69,"column":2},"end":{"line":69,"column":3}},"loc":{"start":{"line":69,"column":42},"end":{"line":72,"column":3}},"line":69}},"branchMap":{"0":{"loc":{"start":{"line":17,"column":4},"end":{"line":19,"column":5}},"type":"if","locations":[{"start":{"line":17,"column":4},"end":{"line":19,"column":5}},{"start":{},"end":{}}],"line":17},"1":{"loc":{"start":{"line":25,"column":4},"end":{"line":27,"column":5}},"type":"if","locations":[{"start":{"line":25,"column":4},"end":{"line":27,"column":5}},{"start":{},"end":{}}],"line":25},"2":{"loc":{"start":{"line":36,"column":4},"end":{"line":38,"column":5}},"type":"if","locations":[{"start":{"line":36,"column":4},"end":{"line":38,"column":5}},{"start":{},"end":{}}],"line":36},"3":{"loc":{"start":{"line":49,"column":4},"end":{"line":51,"column":5}},"type":"if","locations":[{"start":{"line":49,"column":4},"end":{"line":51,"column":5}},{"start":{},"end":{}}],"line":49},"4":{"loc":{"start":{"line":61,"column":4},"end":{"line":63,"column":5}},"type":"if","locations":[{"start":{"line":61,"column":4},"end":{"line":63,"column":5}},{"start":{},"end":{}}],"line":61}},"s":{"0":5,"1":5,"2":3,"3":3,"4":1,"5":2,"6":2,"7":2,"8":0,"9":2,"10":3,"11":3,"12":3,"13":1,"14":2,"15":3,"16":3,"17":3,"18":1,"19":2,"20":0,"21":0,"22":0,"23":0,"24":2,"25":2,"26":4},"f":{"0":9,"1":5,"2":3,"3":2,"4":3,"5":3,"6":0,"7":2},"b":{"0":[1,2],"1":[0,2],"2":[1,2],"3":[1,2],"4":[0,0]},"_coverageSchema":"1a1c01bbd47fc00a2c39e90264f33305004495a9","hash":"6b85e54a645bb40742eca0e754c44a96f356dcec"}
,"/home/ricardo/Arnia/node/Projeto_Modulo3/Project-Backend-1-Arnia-main/src/books/routes/book.routes.ts": {"path":"/home/ricardo/Arnia/node/Projeto_Modulo3/Project-Backend-1-Arnia-main/src/books/routes/book.routes.ts","statementMap":{"0":{"start":{"line":4,"column":19},"end":{"line":4,"column":35}},"1":{"start":{"line":6,"column":0},"end":{"line":6,"column":44}},"2":{"start":{"line":7,"column":0},"end":{"line":7,"column":48}},"3":{"start":{"line":8,"column":0},"end":{"line":8,"column":45}},"4":{"start":{"line":9,"column":0},"end":{"line":9,"column":50}},"5":{"start":{"line":10,"column":0},"end":{"line":10,"column":55}}},"fnMap":{},"branchMap":{},"s":{"0":1,"1":1,"2":1,"3":1,"4":1,"5":1},"f":{},"b":{},"_coverageSchema":"1a1c01bbd47fc00a2c39e90264f33305004495a9","hash":"46b06a38f87f46c40d274df045468735c14cba51"}
,"/home/ricardo/Arnia/node/Projeto_Modulo3/Project-Backend-1-Arnia-main/src/books/services/book.service.ts": {"path":"/home/ricardo/Arnia/node/Projeto_Modulo3/Project-Backend-1-Arnia-main/src/books/services/book.service.ts","statementMap":{"0":{"start":{"line":11,"column":2},"end":{"line":16,"column":3}},"1":{"start":{"line":12,"column":18},"end":{"line":12,"column":52}},"2":{"start":{"line":13,"column":4},"end":{"line":13,"column":17}},"3":{"start":{"line":15,"column":4},"end":{"line":15,"column":31}},"4":{"start":{"line":20,"column":2},"end":{"line":22,"column":3}},"5":{"start":{"line":21,"column":4},"end":{"line":21,"column":30}},"6":{"start":{"line":24,"column":2},"end":{"line":29,"column":3}},"7":{"start":{"line":25,"column":18},"end":{"line":25,"column":55}},"8":{"start":{"line":26,"column":4},"end":{"line":26,"column":17}},"9":{"start":{"line":28,"column":4},"end":{"line":28,"column":30}},"10":{"start":{"line":33,"column":2},"end":{"line":38,"column":3}},"11":{"start":{"line":34,"column":24},"end":{"line":34,"column":69}},"12":{"start":{"line":35,"column":4},"end":{"line":35,"column":23}},"13":{"start":{"line":37,"column":4},"end":{"line":37,"column":31}},"14":{"start":{"line":42,"column":2},"end":{"line":44,"column":3}},"15":{"start":{"line":43,"column":4},"end":{"line":43,"column":30}},"16":{"start":{"line":45,"column":2},"end":{"line":50,"column":3}},"17":{"start":{"line":46,"column":23},"end":{"line":46,"column":67}},"18":{"start":{"line":47,"column":4},"end":{"line":47,"column":22}},"19":{"start":{"line":49,"column":4},"end":{"line":49,"column":31}},"20":{"start":{"line":54,"column":2},"end":{"line":56,"column":3}},"21":{"start":{"line":55,"column":4},"end":{"line":55,"column":30}},"22":{"start":{"line":57,"column":2},"end":{"line":62,"column":3}},"23":{"start":{"line":58,"column":29},"end":{"line":58,"column":76}},"24":{"start":{"line":59,"column":4},"end":{"line":59,"column":28}},"25":{"start":{"line":61,"column":4},"end":{"line":61,"column":31}},"26":{"start":{"line":66,"column":2},"end":{"line":74,"column":3}},"27":{"start":{"line":67,"column":25},"end":{"line":67,"column":81}},"28":{"start":{"line":69,"column":10},"end":{"line":69,"column":40}},"29":{"start":{"line":71,"column":6},"end":{"line":71,"column":23}},"30":{"start":{"line":73,"column":6},"end":{"line":73,"column":32}},"31":{"start":{"line":78,"column":2},"end":{"line":83,"column":3}},"32":{"start":{"line":79,"column":20},"end":{"line":79,"column":58}},"33":{"start":{"line":80,"column":4},"end":{"line":80,"column":19}},"34":{"start":{"line":82,"column":4},"end":{"line":82,"column":31}}},"fnMap":{"0":{"name":"(anonymous_0)","decl":{"start":{"line":8,"column":2},"end":{"line":8,"column":3}},"loc":{"start":{"line":8,"column":63},"end":{"line":8,"column":65}},"line":8},"1":{"name":"(anonymous_1)","decl":{"start":{"line":10,"column":0},"end":{"line":10,"column":1}},"loc":{"start":{"line":10,"column":48},"end":{"line":17,"column":1}},"line":10},"2":{"name":"(anonymous_2)","decl":{"start":{"line":19,"column":0},"end":{"line":19,"column":1}},"loc":{"start":{"line":19,"column":56},"end":{"line":30,"column":1}},"line":19},"3":{"name":"(anonymous_3)","decl":{"start":{"line":32,"column":0},"end":{"line":32,"column":1}},"loc":{"start":{"line":32,"column":65},"end":{"line":39,"column":1}},"line":32},"4":{"name":"(anonymous_4)","decl":{"start":{"line":41,"column":0},"end":{"line":41,"column":1}},"loc":{"start":{"line":41,"column":69},"end":{"line":51,"column":1}},"line":41},"5":{"name":"(anonymous_5)","decl":{"start":{"line":53,"column":0},"end":{"line":53,"column":1}},"loc":{"start":{"line":53,"column":73},"end":{"line":63,"column":1}},"line":53},"6":{"name":"(anonymous_6)","decl":{"start":{"line":65,"column":0},"end":{"line":65,"column":1}},"loc":{"start":{"line":65,"column":103},"end":{"line":75,"column":1}},"line":65},"7":{"name":"(anonymous_7)","decl":{"start":{"line":77,"column":0},"end":{"line":77,"column":1}},"loc":{"start":{"line":77,"column":70},"end":{"line":84,"column":1}},"line":77}},"branchMap":{"0":{"loc":{"start":{"line":20,"column":2},"end":{"line":22,"column":3}},"type":"if","locations":[{"start":{"line":20,"column":2},"end":{"line":22,"column":3}},{"start":{},"end":{}}],"line":20},"1":{"loc":{"start":{"line":42,"column":2},"end":{"line":44,"column":3}},"type":"if","locations":[{"start":{"line":42,"column":2},"end":{"line":44,"column":3}},{"start":{},"end":{}}],"line":42},"2":{"loc":{"start":{"line":54,"column":2},"end":{"line":56,"column":3}},"type":"if","locations":[{"start":{"line":54,"column":2},"end":{"line":56,"column":3}},{"start":{},"end":{}}],"line":54}},"s":{"0":7,"1":7,"2":6,"3":1,"4":5,"5":1,"6":4,"7":4,"8":3,"9":1,"10":3,"11":3,"12":2,"13":1,"14":5,"15":1,"16":4,"17":4,"18":3,"19":1,"20":1,"21":0,"22":1,"23":1,"24":1,"25":0,"26":0,"27":0,"28":0,"29":0,"30":0,"31":4,"32":4,"33":3,"34":1},"f":{"0":5,"1":7,"2":5,"3":3,"4":5,"5":1,"6":0,"7":4},"b":{"0":[1,4],"1":[1,4],"2":[0,1]},"_coverageSchema":"1a1c01bbd47fc00a2c39e90264f33305004495a9","hash":"ab3ca14bb4b25493c9735d00147c97355a63fd4b"}
,"/home/ricardo/Arnia/node/Projeto_Modulo3/Project-Backend-1-Arnia-main/src/db/mongo.connection.ts": {"path":"/home/ricardo/Arnia/node/Projeto_Modulo3/Project-Backend-1-Arnia-main/src/db/mongo.connection.ts","statementMap":{"0":{"start":{"line":3,"column":0},"end":{"line":3,"column":16}},"1":{"start":{"line":5,"column":22},"end":{"line":5,"column":45}},"2":{"start":{"line":8,"column":2},"end":{"line":21,"column":7}},"3":{"start":{"line":10,"column":6},"end":{"line":10,"column":64}},"4":{"start":{"line":14,"column":20},"end":{"line":14,"column":31}},"5":{"start":{"line":16,"column":6},"end":{"line":20,"column":8}},"6":{"start":{"line":17,"column":8},"end":{"line":19,"column":9}},"7":{"start":{"line":23,"column":2},"end":{"line":23,"column":17}},"8":{"start":{"line":27,"column":2},"end":{"line":27,"column":50}},"9":{"start":{"line":28,"column":2},"end":{"line":28,"column":21}}},"fnMap":{"0":{"name":"mongoConnect","decl":{"start":{"line":7,"column":16},"end":{"line":7,"column":28}},"loc":{"start":{"line":7,"column":31},"end":{"line":24,"column":1}},"line":7},"1":{"name":"(anonymous_1)","decl":{"start":{"line":9,"column":17},"end":{"line":9,"column":18}},"loc":{"start":{"line":9,"column":28},"end":{"line":11,"column":5}},"line":9},"2":{"name":"(anonymous_2)","decl":{"start":{"line":13,"column":18},"end":{"line":13,"column":19}},"loc":{"start":{"line":13,"column":24},"end":{"line":21,"column":5}},"line":13},"3":{"name":"(anonymous_3)","decl":{"start":{"line":16,"column":16},"end":{"line":16,"column":17}},"loc":{"start":{"line":17,"column":8},"end":{"line":19,"column":9}},"line":17},"4":{"name":"mongoDisconnect","decl":{"start":{"line":26,"column":22},"end":{"line":26,"column":37}},"loc":{"start":{"line":26,"column":40},"end":{"line":29,"column":1}},"line":26}},"branchMap":{"0":{"loc":{"start":{"line":5,"column":22},"end":{"line":5,"column":45}},"type":"binary-expr","locations":[{"start":{"line":5,"column":22},"end":{"line":5,"column":39}},{"start":{"line":5,"column":43},"end":{"line":5,"column":45}}],"line":5}},"s":{"0":1,"1":1,"2":1,"3":0,"4":1,"5":1,"6":1,"7":1,"8":1,"9":1},"f":{"0":1,"1":0,"2":1,"3":1,"4":1},"b":{"0":[1,0]},"_coverageSchema":"1a1c01bbd47fc00a2c39e90264f33305004495a9","hash":"2016addc045c375f7ad5eb3d4901f12d17867ea5"}
,"/home/ricardo/Arnia/node/Projeto_Modulo3/Project-Backend-1-Arnia-main/src/reviews/controllers/review.controller.ts": {"path":"/home/ricardo/Arnia/node/Projeto_Modulo3/Project-Backend-1-Arnia-main/src/reviews/controllers/review.controller.ts","statementMap":{"0":{"start":{"line":9,"column":19},"end":{"line":9,"column":52}},"1":{"start":{"line":11,"column":4},"end":{"line":13,"column":5}},"2":{"start":{"line":12,"column":6},"end":{"line":12,"column":70}},"3":{"start":{"line":14,"column":6},"end":{"line":14,"column":51}},"4":{"start":{"line":19,"column":19},"end":{"line":19,"column":29}},"5":{"start":{"line":20,"column":19},"end":{"line":20,"column":55}},"6":{"start":{"line":21,"column":4},"end":{"line":23,"column":5}},"7":{"start":{"line":22,"column":6},"end":{"line":22,"column":71}},"8":{"start":{"line":24,"column":4},"end":{"line":24,"column":50}},"9":{"start":{"line":28,"column":19},"end":{"line":28,"column":29}},"10":{"start":{"line":29,"column":21},"end":{"line":29,"column":24}},"11":{"start":{"line":31,"column":19},"end":{"line":31,"column":60}},"12":{"start":{"line":33,"column":4},"end":{"line":35,"column":5}},"13":{"start":{"line":34,"column":6},"end":{"line":34,"column":71}},"14":{"start":{"line":37,"column":4},"end":{"line":39,"column":5}},"15":{"start":{"line":38,"column":6},"end":{"line":38,"column":61}},"16":{"start":{"line":41,"column":4},"end":{"line":41,"column":50}},"17":{"start":{"line":45,"column":27},"end":{"line":45,"column":30}},"18":{"start":{"line":47,"column":19},"end":{"line":47,"column":72}},"19":{"start":{"line":49,"column":4},"end":{"line":51,"column":5}},"20":{"start":{"line":50,"column":6},"end":{"line":50,"column":71}},"21":{"start":{"line":53,"column":4},"end":{"line":53,"column":54}}},"fnMap":{"0":{"name":"(anonymous_0)","decl":{"start":{"line":6,"column":2},"end":{"line":6,"column":3}},"loc":{"start":{"line":6,"column":61},"end":{"line":6,"column":63}},"line":6},"1":{"name":"(anonymous_1)","decl":{"start":{"line":8,"column":2},"end":{"line":8,"column":3}},"loc":{"start":{"line":8,"column":43},"end":{"line":15,"column":3}},"line":8},"2":{"name":"(anonymous_2)","decl":{"start":{"line":18,"column":2},"end":{"line":18,"column":3}},"loc":{"start":{"line":18,"column":44},"end":{"line":25,"column":3}},"line":18},"3":{"name":"(anonymous_3)","decl":{"start":{"line":27,"column":2},"end":{"line":27,"column":3}},"loc":{"start":{"line":27,"column":46},"end":{"line":42,"column":3}},"line":27},"4":{"name":"(anonymous_4)","decl":{"start":{"line":44,"column":2},"end":{"line":44,"column":3}},"loc":{"start":{"line":44,"column":44},"end":{"line":54,"column":3}},"line":44}},"branchMap":{"0":{"loc":{"start":{"line":11,"column":4},"end":{"line":13,"column":5}},"type":"if","locations":[{"start":{"line":11,"column":4},"end":{"line":13,"column":5}},{"start":{},"end":{}}],"line":11},"1":{"loc":{"start":{"line":21,"column":4},"end":{"line":23,"column":5}},"type":"if","locations":[{"start":{"line":21,"column":4},"end":{"line":23,"column":5}},{"start":{},"end":{}}],"line":21},"2":{"loc":{"start":{"line":33,"column":4},"end":{"line":35,"column":5}},"type":"if","locations":[{"start":{"line":33,"column":4},"end":{"line":35,"column":5}},{"start":{},"end":{}}],"line":33},"3":{"loc":{"start":{"line":37,"column":4},"end":{"line":39,"column":5}},"type":"if","locations":[{"start":{"line":37,"column":4},"end":{"line":39,"column":5}},{"start":{},"end":{}}],"line":37},"4":{"loc":{"start":{"line":49,"column":4},"end":{"line":51,"column":5}},"type":"if","locations":[{"start":{"line":49,"column":4},"end":{"line":51,"column":5}},{"start":{},"end":{}}],"line":49}},"s":{"0":0,"1":0,"2":0,"3":0,"4":0,"5":0,"6":0,"7":0,"8":0,"9":0,"10":0,"11":0,"12":0,"13":0,"14":0,"15":0,"16":0,"17":0,"18":0,"19":0,"20":0,"21":0},"f":{"0":2,"1":0,"2":0,"3":0,"4":0},"b":{"0":[0,0],"1":[0,0],"2":[0,0],"3":[0,0],"4":[0,0]},"_coverageSchema":"1a1c01bbd47fc00a2c39e90264f33305004495a9","hash":"235b3aced71ad0c7cadeccb3c5d32014534b4c60"}
,"/home/ricardo/Arnia/node/Projeto_Modulo3/Project-Backend-1-Arnia-main/src/reviews/factories/review.factory.ts": {"path":"/home/ricardo/Arnia/node/Projeto_Modulo3/Project-Backend-1-Arnia-main/src/reviews/factories/review.factory.ts","statementMap":{"0":{"start":{"line":8,"column":27},"end":{"line":8,"column":60}},"1":{"start":{"line":9,"column":24},"end":{"line":9,"column":72}},"2":{"start":{"line":10,"column":27},"end":{"line":10,"column":62}},"3":{"start":{"line":12,"column":2},"end":{"line":12,"column":26}},"4":{"start":{"line":15,"column":22},"end":{"line":15,"column":37}}},"fnMap":{"0":{"name":"reviewFactory","decl":{"start":{"line":7,"column":16},"end":{"line":7,"column":29}},"loc":{"start":{"line":7,"column":32},"end":{"line":13,"column":1}},"line":7}},"branchMap":{},"s":{"0":2,"1":2,"2":2,"3":2,"4":1},"f":{"0":2},"b":{},"_coverageSchema":"1a1c01bbd47fc00a2c39e90264f33305004495a9","hash":"6c2299b1c3239314821d2a10391102fdf4056d49"}
,"/home/ricardo/Arnia/node/Projeto_Modulo3/Project-Backend-1-Arnia-main/src/reviews/models/review.model.ts": {"path":"/home/ricardo/Arnia/node/Projeto_Modulo3/Project-Backend-1-Arnia-main/src/reviews/models/review.model.ts","statementMap":{"0":{"start":{"line":3,"column":21},"end":{"line":34,"column":1}},"1":{"start":{"line":38,"column":42},"end":{"line":38,"column":71}}},"fnMap":{},"branchMap":{},"s":{"0":3,"1":3},"f":{},"b":{},"_coverageSchema":"1a1c01bbd47fc00a2c39e90264f33305004495a9","hash":"1600e46fcda9c368e5a2a114a9296a8d2c2d8f2f"}
,"/home/ricardo/Arnia/node/Projeto_Modulo3/Project-Backend-1-Arnia-main/src/reviews/repositories/review.repository.ts": {"path":"/home/ricardo/Arnia/node/Projeto_Modulo3/Project-Backend-1-Arnia-main/src/reviews/repositories/review.repository.ts","statementMap":{"0":{"start":{"line":9,"column":20},"end":{"line":9,"column":49}},"1":{"start":{"line":10,"column":4},"end":{"line":10,"column":19}},"2":{"start":{"line":14,"column":20},"end":{"line":14,"column":55}},"3":{"start":{"line":16,"column":4},"end":{"line":18,"column":5}},"4":{"start":{"line":17,"column":6},"end":{"line":17,"column":26}},"5":{"start":{"line":19,"column":4},"end":{"line":19,"column":19}},"6":{"start":{"line":25,"column":25},"end":{"line":35,"column":6}},"7":{"start":{"line":36,"column":4},"end":{"line":38,"column":5}},"8":{"start":{"line":37,"column":6},"end":{"line":37,"column":26}},"9":{"start":{"line":39,"column":4},"end":{"line":39,"column":24}},"10":{"start":{"line":43,"column":22},"end":{"line":45,"column":6}},"11":{"start":{"line":46,"column":4},"end":{"line":46,"column":21}},"12":{"start":{"line":50,"column":24},"end":{"line":50,"column":57}}},"fnMap":{"0":{"name":"(anonymous_0)","decl":{"start":{"line":6,"column":2},"end":{"line":6,"column":3}},"loc":{"start":{"line":6,"column":59},"end":{"line":6,"column":61}},"line":6},"1":{"name":"(anonymous_1)","decl":{"start":{"line":8,"column":2},"end":{"line":8,"column":3}},"loc":{"start":{"line":8,"column":36},"end":{"line":11,"column":3}},"line":8},"2":{"name":"(anonymous_2)","decl":{"start":{"line":13,"column":2},"end":{"line":13,"column":3}},"loc":{"start":{"line":13,"column":45},"end":{"line":20,"column":3}},"line":13},"3":{"name":"(anonymous_3)","decl":{"start":{"line":23,"column":2},"end":{"line":23,"column":3}},"loc":{"start":{"line":23,"column":59},"end":{"line":40,"column":3}},"line":23},"4":{"name":"(anonymous_4)","decl":{"start":{"line":42,"column":2},"end":{"line":42,"column":3}},"loc":{"start":{"line":42,"column":48},"end":{"line":47,"column":3}},"line":42}},"branchMap":{"0":{"loc":{"start":{"line":16,"column":4},"end":{"line":18,"column":5}},"type":"if","locations":[{"start":{"line":16,"column":4},"end":{"line":18,"column":5}},{"start":{},"end":{}}],"line":16},"1":{"loc":{"start":{"line":36,"column":4},"end":{"line":38,"column":5}},"type":"if","locations":[{"start":{"line":36,"column":4},"end":{"line":38,"column":5}},{"start":{},"end":{}}],"line":36}},"s":{"0":2,"1":2,"2":2,"3":2,"4":1,"5":1,"6":2,"7":2,"8":1,"9":1,"10":1,"11":1,"12":2},"f":{"0":5,"1":2,"2":2,"3":2,"4":1},"b":{"0":[1,1],"1":[1,1]},"_coverageSchema":"1a1c01bbd47fc00a2c39e90264f33305004495a9","hash":"dfbf0de41163bbc30db7175746fce943eb943f67"}
,"/home/ricardo/Arnia/node/Projeto_Modulo3/Project-Backend-1-Arnia-main/src/reviews/services/review.service.ts": {"path":"/home/ricardo/Arnia/node/Projeto_Modulo3/Project-Backend-1-Arnia-main/src/reviews/services/review.service.ts","statementMap":{"0":{"start":{"line":13,"column":4},"end":{"line":18,"column":5}},"1":{"start":{"line":14,"column":22},"end":{"line":14,"column":58}},"2":{"start":{"line":15,"column":6},"end":{"line":15,"column":21}},"3":{"start":{"line":17,"column":6},"end":{"line":17,"column":33}},"4":{"start":{"line":22,"column":4},"end":{"line":24,"column":5}},"5":{"start":{"line":23,"column":4},"end":{"line":23,"column":30}},"6":{"start":{"line":25,"column":4},"end":{"line":30,"column":5}},"7":{"start":{"line":26,"column":22},"end":{"line":26,"column":61}},"8":{"start":{"line":27,"column":6},"end":{"line":27,"column":21}},"9":{"start":{"line":29,"column":6},"end":{"line":29,"column":32}},"10":{"start":{"line":34,"column":4},"end":{"line":36,"column":7}},"11":{"start":{"line":35,"column":6},"end":{"line":35,"column":32}},"12":{"start":{"line":37,"column":6},"end":{"line":42,"column":7}},"13":{"start":{"line":38,"column":29},"end":{"line":38,"column":75}},"14":{"start":{"line":39,"column":8},"end":{"line":39,"column":28}},"15":{"start":{"line":41,"column":8},"end":{"line":41,"column":34}},"16":{"start":{"line":46,"column":4},"end":{"line":58,"column":5}},"17":{"start":{"line":51,"column":24},"end":{"line":51,"column":66}},"18":{"start":{"line":52,"column":12},"end":{"line":52,"column":79}},"19":{"start":{"line":53,"column":12},"end":{"line":53,"column":28}},"20":{"start":{"line":57,"column":9},"end":{"line":57,"column":36}}},"fnMap":{"0":{"name":"(anonymous_0)","decl":{"start":{"line":8,"column":2},"end":{"line":8,"column":3}},"loc":{"start":{"line":10,"column":6},"end":{"line":10,"column":8}},"line":10},"1":{"name":"(anonymous_1)","decl":{"start":{"line":12,"column":2},"end":{"line":12,"column":3}},"loc":{"start":{"line":12,"column":51},"end":{"line":19,"column":3}},"line":12},"2":{"name":"(anonymous_2)","decl":{"start":{"line":21,"column":2},"end":{"line":21,"column":3}},"loc":{"start":{"line":21,"column":60},"end":{"line":31,"column":3}},"line":21},"3":{"name":"(anonymous_3)","decl":{"start":{"line":33,"column":2},"end":{"line":33,"column":3}},"loc":{"start":{"line":33,"column":76},"end":{"line":43,"column":3}},"line":33},"4":{"name":"(anonymous_4)","decl":{"start":{"line":45,"column":2},"end":{"line":45,"column":3}},"loc":{"start":{"line":45,"column":86},"end":{"line":59,"column":3}},"line":45}},"branchMap":{"0":{"loc":{"start":{"line":22,"column":4},"end":{"line":24,"column":5}},"type":"if","locations":[{"start":{"line":22,"column":4},"end":{"line":24,"column":5}},{"start":{},"end":{}}],"line":22},"1":{"loc":{"start":{"line":34,"column":4},"end":{"line":36,"column":7}},"type":"if","locations":[{"start":{"line":34,"column":4},"end":{"line":36,"column":7}},{"start":{},"end":{}}],"line":34}},"s":{"0":3,"1":3,"2":2,"3":1,"4":4,"5":1,"6":3,"7":3,"8":2,"9":1,"10":4,"11":1,"12":3,"13":3,"14":2,"15":1,"16":2,"17":2,"18":1,"19":0,"20":2},"f":{"0":3,"1":3,"2":4,"3":4,"4":2},"b":{"0":[1,3],"1":[1,3]},"_coverageSchema":"1a1c01bbd47fc00a2c39e90264f33305004495a9","hash":"3242d1eb596a596c77aacb78700ee139f4848926"}
,"/home/ricardo/Arnia/node/Projeto_Modulo3/Project-Backend-1-Arnia-main/src/utils/error.handler.ts.ts": {"path":"/home/ricardo/Arnia/node/Projeto_Modulo3/Project-Backend-1-Arnia-main/src/utils/error.handler.ts.ts","statementMap":{"0":{"start":{"line":17,"column":2},"end":{"line":22,"column":4}},"1":{"start":{"line":27,"column":2},"end":{"line":32,"column":4}}},"fnMap":{"0":{"name":"promiseError","decl":{"start":{"line":16,"column":16},"end":{"line":16,"column":28}},"loc":{"start":{"line":16,"column":59},"end":{"line":23,"column":1}},"line":16},"1":{"name":"invalidIdError","decl":{"start":{"line":26,"column":16},"end":{"line":26,"column":30}},"loc":{"start":{"line":26,"column":59},"end":{"line":33,"column":1}},"line":26}},"branchMap":{},"s":{"0":15,"1":12},"f":{"0":15,"1":12},"b":{},"_coverageSchema":"1a1c01bbd47fc00a2c39e90264f33305004495a9","hash":"df55add925a101b77bd32d23dd54fec5cde4d076"}
,"/home/ricardo/Arnia/node/Projeto_Modulo3/Project-Backend-1-Arnia-main/src/utils/status.code.ts": {"path":"/home/ricardo/Arnia/node/Projeto_Modulo3/Project-Backend-1-Arnia-main/src/utils/status.code.ts","statementMap":{},"fnMap":{},"branchMap":{},"s":{},"f":{},"b":{},"_coverageSchema":"1a1c01bbd47fc00a2c39e90264f33305004495a9","hash":"0f690f959cbeb325a863e8a04c996ebbf9d9e2e2"}
}
