TN:
SF:src/books/controllers/book.controller.ts
FN:6,(anonymous_0)
FN:8,(anonymous_1)
FN:27,(anonymous_2)
FN:45,(anonymous_3)
FN:64,(anonymous_4)
FN:82,(anonymous_5)
FNF:6
FNH:6
FNDA:5,(anonymous_0)
FNDA:7,(anonymous_1)
FNDA:6,(anonymous_2)
FNDA:5,(anonymous_3)
FNDA:1,(anonymous_4)
FNDA:3,(anonymous_5)
DA:9,7
DA:11,7
DA:12,0
DA:13,0
DA:16,7
DA:19,7
DA:20,1
DA:23,6
DA:30,6
DA:31,6
DA:33,6
DA:34,2
DA:37,4
DA:38,1
DA:41,3
DA:46,5
DA:47,5
DA:50,5
DA:52,5
DA:53,1
DA:56,4
DA:57,1
DA:60,3
DA:65,1
DA:66,1
DA:68,1
DA:70,1
DA:71,0
DA:74,1
DA:75,0
DA:78,1
DA:84,3
DA:85,3
DA:87,3
DA:88,1
DA:91,2
LF:36
LH:32
BRDA:11,0,0,0
BRDA:11,0,1,7
BRDA:19,1,0,1
BRDA:19,1,1,6
BRDA:33,2,0,2
BRDA:33,2,1,4
BRDA:37,3,0,1
BRDA:37,3,1,3
BRDA:52,4,0,1
BRDA:52,4,1,4
BRDA:56,5,0,1
BRDA:56,5,1,3
BRDA:70,6,0,0
BRDA:70,6,1,1
BRDA:74,7,0,0
BRDA:74,7,1,1
BRDA:87,8,0,1
BRDA:87,8,1,2
BRF:18
BRH:15
end_of_record
TN:
SF:src/books/factories/book.factory.ts
FN:6,bookFactory
FNF:1
FNH:1
FNDA:4,bookFactory
DA:7,4
DA:8,4
DA:9,4
DA:11,4
DA:14,3
DA:15,3
DA:16,3
LF:7
LH:7
BRF:0
BRH:0
end_of_record
TN:
SF:src/books/models/book.model.ts
FNF:0
FNH:0
DA:3,5
DA:37,5
LF:2
LH:2
BRF:0
BRH:0
end_of_record
TN:
SF:src/books/repositories/book.repository.ts
FN:7,(anonymous_0)
FN:9,(anonymous_1)
FN:14,(anonymous_2)
FN:23,(anonymous_3)
FN:31,(anonymous_4)
FN:43,(anonymous_5)
FN:55,(anonymous_6)
FN:69,(anonymous_7)
FNF:8
FNH:7
FNDA:9,(anonymous_0)
FNDA:5,(anonymous_1)
FNDA:3,(anonymous_2)
FNDA:2,(anonymous_3)
FNDA:3,(anonymous_4)
FNDA:3,(anonymous_5)
FNDA:0,(anonymous_6)
FNDA:2,(anonymous_7)
DA:10,5
DA:11,5
DA:15,3
DA:17,3
DA:18,1
DA:20,2
DA:24,2
DA:25,2
DA:26,0
DA:28,2
DA:32,3
DA:33,3
DA:36,3
DA:37,1
DA:39,2
DA:44,3
DA:45,3
DA:49,3
DA:50,1
DA:52,2
DA:57,0
DA:61,0
DA:62,0
DA:64,0
DA:70,2
DA:71,2
DA:75,4
LF:27
LH:22
BRDA:17,0,0,1
BRDA:17,0,1,2
BRDA:25,1,0,0
BRDA:25,1,1,2
BRDA:36,2,0,1
BRDA:36,2,1,2
BRDA:49,3,0,1
BRDA:49,3,1,2
BRDA:61,4,0,0
BRDA:61,4,1,0
BRF:10
BRH:7
end_of_record
TN:
SF:src/books/routes/book.routes.ts
FNF:0
FNH:0
DA:4,1
DA:6,1
DA:7,1
DA:8,1
DA:9,1
DA:10,1
LF:6
LH:6
BRF:0
BRH:0
end_of_record
TN:
SF:src/books/services/book.service.ts
FN:8,(anonymous_0)
FN:10,(anonymous_1)
FN:19,(anonymous_2)
FN:32,(anonymous_3)
FN:41,(anonymous_4)
FN:53,(anonymous_5)
FN:65,(anonymous_6)
FN:77,(anonymous_7)
FNF:8
FNH:7
FNDA:5,(anonymous_0)
FNDA:7,(anonymous_1)
FNDA:5,(anonymous_2)
FNDA:3,(anonymous_3)
FNDA:5,(anonymous_4)
FNDA:1,(anonymous_5)
FNDA:0,(anonymous_6)
FNDA:4,(anonymous_7)
DA:11,7
DA:12,7
DA:13,6
DA:15,1
DA:20,5
DA:21,1
DA:24,4
DA:25,4
DA:26,3
DA:28,1
DA:33,3
DA:34,3
DA:35,2
DA:37,1
DA:42,5
DA:43,1
DA:45,4
DA:46,4
DA:47,3
DA:49,1
DA:54,1
DA:55,0
DA:57,1
DA:58,1
DA:59,1
DA:61,0
DA:66,0
DA:67,0
DA:69,0
DA:71,0
DA:73,0
DA:78,4
DA:79,4
DA:80,3
DA:82,1
LF:35
LH:28
BRDA:20,0,0,1
BRDA:20,0,1,4
BRDA:42,1,0,1
BRDA:42,1,1,4
BRDA:54,2,0,0
BRDA:54,2,1,1
BRF:6
BRH:5
end_of_record
TN:
SF:src/db/mongo.connection.ts
FN:7,mongoConnect
FN:9,(anonymous_1)
FN:13,(anonymous_2)
FN:16,(anonymous_3)
FN:26,mongoDisconnect
FNF:5
FNH:4
FNDA:1,mongoConnect
FNDA:0,(anonymous_1)
FNDA:1,(anonymous_2)
FNDA:1,(anonymous_3)
FNDA:1,mongoDisconnect
DA:3,1
DA:5,1
DA:8,1
DA:10,0
DA:14,1
DA:16,1
DA:17,1
DA:23,1
DA:27,1
DA:28,1
LF:10
LH:9
BRDA:5,0,0,1
BRDA:5,0,1,0
BRF:2
BRH:1
end_of_record
TN:
SF:src/reviews/controllers/review.controller.ts
FN:6,(anonymous_0)
FN:8,(anonymous_1)
FN:18,(anonymous_2)
FN:27,(anonymous_3)
FN:44,(anonymous_4)
FNF:5
FNH:1
FNDA:2,(anonymous_0)
FNDA:0,(anonymous_1)
FNDA:0,(anonymous_2)
FNDA:0,(anonymous_3)
FNDA:0,(anonymous_4)
DA:9,0
DA:11,0
DA:12,0
DA:14,0
DA:19,0
DA:20,0
DA:21,0
DA:22,0
DA:24,0
DA:28,0
DA:29,0
DA:31,0
DA:33,0
DA:34,0
DA:37,0
DA:38,0
DA:41,0
DA:45,0
DA:47,0
DA:49,0
DA:50,0
DA:53,0
LF:22
LH:0
BRDA:11,0,0,0
BRDA:11,0,1,0
BRDA:21,1,0,0
BRDA:21,1,1,0
BRDA:33,2,0,0
BRDA:33,2,1,0
BRDA:37,3,0,0
BRDA:37,3,1,0
BRDA:49,4,0,0
BRDA:49,4,1,0
BRF:10
BRH:0
end_of_record
TN:
SF:src/reviews/factories/review.factory.ts
FN:7,reviewFactory
FNF:1
FNH:1
FNDA:2,reviewFactory
DA:8,2
DA:9,2
DA:10,2
DA:12,2
DA:15,1
LF:5
LH:5
BRF:0
BRH:0
end_of_record
TN:
SF:src/reviews/models/review.model.ts
FNF:0
FNH:0
DA:3,3
DA:38,3
LF:2
LH:2
BRF:0
BRH:0
end_of_record
TN:
SF:src/reviews/repositories/review.repository.ts
FN:6,(anonymous_0)
FN:8,(anonymous_1)
FN:13,(anonymous_2)
FN:23,(anonymous_3)
FN:42,(anonymous_4)
FNF:5
FNH:5
FNDA:5,(anonymous_0)
FNDA:2,(anonymous_1)
FNDA:2,(anonymous_2)
FNDA:2,(anonymous_3)
FNDA:1,(anonymous_4)
DA:9,2
DA:10,2
DA:14,2
DA:16,2
DA:17,1
DA:19,1
DA:25,2
DA:36,2
DA:37,1
DA:39,1
DA:43,1
DA:46,1
DA:50,2
LF:13
LH:13
BRDA:16,0,0,1
BRDA:16,0,1,1
BRDA:36,1,0,1
BRDA:36,1,1,1
BRF:4
BRH:4
end_of_record
TN:
SF:src/reviews/services/review.service.ts
FN:8,(anonymous_0)
FN:12,(anonymous_1)
FN:21,(anonymous_2)
FN:33,(anonymous_3)
FN:45,(anonymous_4)
FNF:5
FNH:5
FNDA:3,(anonymous_0)
FNDA:3,(anonymous_1)
FNDA:4,(anonymous_2)
FNDA:4,(anonymous_3)
FNDA:2,(anonymous_4)
DA:13,3
DA:14,3
DA:15,2
DA:17,1
DA:22,4
DA:23,1
DA:25,3
DA:26,3
DA:27,2
DA:29,1
DA:34,4
DA:35,1
DA:37,3
DA:38,3
DA:39,2
DA:41,1
DA:46,2
DA:51,2
DA:52,1
DA:53,0
DA:57,2
LF:21
LH:20
BRDA:22,0,0,1
BRDA:22,0,1,3
BRDA:34,1,0,1
BRDA:34,1,1,3
BRF:4
BRH:4
end_of_record
TN:
SF:src/utils/error.handler.ts.ts
FN:16,promiseError
FN:26,invalidIdError
FNF:2
FNH:2
FNDA:15,promiseError
FNDA:12,invalidIdError
DA:17,15
DA:27,12
LF:2
LH:2
BRF:0
BRH:0
end_of_record
TN:
SF:src/utils/status.code.ts
FNF:0
FNH:0
LF:0
LH:0
BRF:0
BRH:0
end_of_record
